2025-07-08 16:39:27 [main] INFO  org.testCases.TC001_AccoutRegistratonTest - Clicked on MyAccount Link
2025-07-08 16:39:27 [main] INFO  org.testCases.TC001_AccoutRegistratonTest - Clicked on Registration Link
2025-07-08 16:39:28 [main] INFO  org.testCases.TC001_AccoutRegistratonTest - Providing Customer Details
2025-07-08 16:39:29 [main] INFO  org.testCases.TC001_AccoutRegistratonTest - Validating Expected Message
2025-07-08 16:39:39 [main] INFO  org.testCases.TC002_LoginTest - ..........Starting TC002_Login Test..........
2025-07-08 16:39:39 [main] INFO  org.testCases.TC002_LoginTest - ..........Enter Login Credentials..........
2025-07-08 16:39:41 [main] INFO  org.testCases.TC002_LoginTest - ..........Completed TC002_Login Test..........
2025-07-08 16:50:19 [main] INFO  org.testCases.TC001_AccoutRegistratonTest - ***** Starting TC001_AccoutRegistratonTest
2025-07-08 16:50:19 [main] INFO  org.testCases.TC001_AccoutRegistratonTest - Clicked on MyAccount Link
2025-07-08 16:50:20 [main] INFO  org.testCases.TC001_AccoutRegistratonTest - Clicked on Registration Link
2025-07-08 16:50:21 [main] INFO  org.testCases.TC001_AccoutRegistratonTest - Providing Customer Details
2025-07-08 16:50:23 [main] INFO  org.testCases.TC001_AccoutRegistratonTest - Validating Expected Message
2025-07-08 16:50:30 [main] INFO  org.testCases.TC002_LoginTest - ..........Starting TC002_Login Test..........
2025-07-08 16:50:30 [main] INFO  org.testCases.TC002_LoginTest - ..........Enter Login Credentials..........
2025-07-08 16:50:31 [main] INFO  org.testCases.TC002_LoginTest - ..........Completed TC002_Login Test..........
2025-07-08 16:55:53 [main] INFO  org.testCases.TC001_AccoutRegistratonTest - ***** Starting TC001_AccoutRegistratonTest
2025-07-08 16:55:53 [main] INFO  org.testCases.TC001_AccoutRegistratonTest - Clicked on MyAccount Link
2025-07-08 16:55:53 [main] INFO  org.testCases.TC001_AccoutRegistratonTest - Clicked on Registration Link
2025-07-08 16:55:54 [main] INFO  org.testCases.TC001_AccoutRegistratonTest - Providing Customer Details
2025-07-08 16:55:55 [main] INFO  org.testCases.TC001_AccoutRegistratonTest - Validating Expected Message
2025-07-08 16:56:01 [main] INFO  org.testCases.TC002_LoginTest - ..........Starting TC002_Login Test..........
2025-07-08 16:56:02 [main] INFO  org.testCases.TC002_LoginTest - ..........Enter Login Credentials..........
2025-07-08 16:56:03 [main] INFO  org.testCases.TC002_LoginTest - ..........Completed TC002_Login Test..........
