2025-07-07 21:17:22 [TestNG-tests-1] INFO  org.testCases.TC001_AccoutRegistratonTest - Providing Customer Details
2025-07-07 21:17:25 [TestNG-tests-1] INFO  org.testCases.TC001_AccoutRegistratonTest - Validating Expected Message
2025-07-07 21:20:04 [TestNG-tests-1] INFO  org.testCases.TC001_AccoutRegistratonTest - ***** Starting TC001_AccoutRegistratonTest
2025-07-07 21:20:04 [TestNG-tests-1] INFO  org.testCases.TC001_AccoutRegistratonTest - Clicked on MyAccount Link
2025-07-07 21:20:05 [TestNG-tests-2] INFO  org.testCases.TC001_AccoutRegistratonTest - ***** Starting TC001_AccoutRegistratonTest
2025-07-07 21:20:05 [TestNG-tests-2] INFO  org.testCases.TC001_AccoutRegistratonTest - Clicked on MyAccount Link
2025-07-07 21:20:06 [TestNG-tests-1] INFO  org.testCases.TC001_AccoutRegistratonTest - Clicked on Registration Link
2025-07-07 21:20:07 [TestNG-tests-2] INFO  org.testCases.TC001_AccoutRegistratonTest - Clicked on Registration Link
2025-07-07 21:20:17 [TestNG-tests-1] ERROR org.testCases.TC001_AccoutRegistratonTest - Test Failed...
2025-07-07 21:20:17 [TestNG-tests-1] DEBUG org.testCases.TC001_AccoutRegistratonTest - Debug logs...
2025-07-07 21:20:21 [TestNG-tests-2] INFO  org.testCases.TC001_AccoutRegistratonTest - Providing Customer Details
2025-07-07 21:20:22 [TestNG-tests-2] ERROR org.testCases.TC001_AccoutRegistratonTest - Test Failed...
2025-07-07 21:20:22 [TestNG-tests-2] DEBUG org.testCases.TC001_AccoutRegistratonTest - Debug logs...
2025-07-08 16:14:42 [main] INFO  org.testCases.TC001_AccoutRegistratonTest - ***** Starting TC001_AccoutRegistratonTest
2025-07-08 16:14:42 [main] INFO  org.testCases.TC001_AccoutRegistratonTest - Clicked on MyAccount Link
2025-07-08 16:14:42 [main] INFO  org.testCases.TC001_AccoutRegistratonTest - Clicked on Registration Link
2025-07-08 16:14:43 [main] INFO  org.testCases.TC001_AccoutRegistratonTest - Providing Customer Details
2025-07-08 16:14:45 [main] INFO  org.testCases.TC001_AccoutRegistratonTest - Validating Expected Message
2025-07-08 16:14:51 [main] INFO  org.testCases.TC002_LoginTest - ..........Starting TC002_Login Test..........
2025-07-08 16:14:52 [main] INFO  org.testCases.TC002_LoginTest - ..........Enter Login Credentials..........
2025-07-08 16:14:53 [main] INFO  org.testCases.TC002_LoginTest - ..........Completed TC002_Login Test..........
2025-07-08 16:30:21 [main] INFO  org.testCases.TC001_AccoutRegistratonTest - ***** Starting TC001_AccoutRegistratonTest
2025-07-08 16:30:21 [main] INFO  org.testCases.TC001_AccoutRegistratonTest - Clicked on MyAccount Link
2025-07-08 16:30:21 [main] INFO  org.testCases.TC001_AccoutRegistratonTest - Clicked on Registration Link
2025-07-08 16:30:22 [main] INFO  org.testCases.TC001_AccoutRegistratonTest - Providing Customer Details
2025-07-08 16:30:26 [main] INFO  org.testCases.TC001_AccoutRegistratonTest - Validating Expected Message
2025-07-08 16:30:36 [main] INFO  org.testCases.TC002_LoginTest - ..........Starting TC002_Login Test..........
2025-07-08 16:30:36 [main] INFO  org.testCases.TC002_LoginTest - ..........Enter Login Credentials..........
2025-07-08 16:30:38 [main] INFO  org.testCases.TC002_LoginTest - ..........Completed TC002_Login Test..........
2025-07-08 16:33:03 [main] INFO  org.testCases.TC001_AccoutRegistratonTest - ***** Starting TC001_AccoutRegistratonTest
2025-07-08 16:33:03 [main] INFO  org.testCases.TC001_AccoutRegistratonTest - Clicked on MyAccount Link
2025-07-08 16:33:04 [main] INFO  org.testCases.TC001_AccoutRegistratonTest - Clicked on Registration Link
2025-07-08 16:33:04 [main] INFO  org.testCases.TC001_AccoutRegistratonTest - Providing Customer Details
2025-07-08 16:33:06 [main] INFO  org.testCases.TC001_AccoutRegistratonTest - Validating Expected Message
2025-07-08 16:33:14 [main] INFO  org.testCases.TC002_LoginTest - ..........Starting TC002_Login Test..........
2025-07-08 16:33:15 [main] INFO  org.testCases.TC002_LoginTest - ..........Enter Login Credentials..........
2025-07-08 16:33:16 [main] INFO  org.testCases.TC002_LoginTest - ..........Completed TC002_Login Test..........
2025-07-08 16:38:35 [main] INFO  org.testCases.TC001_AccoutRegistratonTest - ***** Starting TC001_AccoutRegistratonTest
2025-07-08 16:38:35 [main] INFO  org.testCases.TC001_AccoutRegistratonTest - Clicked on MyAccount Link
2025-07-08 16:38:35 [main] INFO  org.testCases.TC001_AccoutRegistratonTest - Clicked on Registration Link
2025-07-08 16:38:36 [main] INFO  org.testCases.TC001_AccoutRegistratonTest - Providing Customer Details
2025-07-08 16:38:38 [main] INFO  org.testCases.TC001_AccoutRegistratonTest - Validating Expected Message
2025-07-08 16:38:46 [main] INFO  org.testCases.TC002_LoginTest - ..........Starting TC002_Login Test..........
2025-07-08 16:38:46 [main] INFO  org.testCases.TC002_LoginTest - ..........Enter Login Credentials..........
2025-07-08 16:38:48 [main] INFO  org.testCases.TC002_LoginTest - ..........Completed TC002_Login Test..........
2025-07-08 16:39:27 [main] INFO  org.testCases.TC001_AccoutRegistratonTest - ***** Starting TC001_AccoutRegistratonTest
