2025-07-06 00:07:19 [main] DEBUG org.apache.poi.openxml4j.opc.PackageRelationshipCollection - Parsing relationship: /xl/_rels/workbook.xml.rels
2025-07-06 00:07:19 [main] DEBUG org.apache.poi.openxml4j.opc.PackageRelationshipCollection - Parsing relationship: /xl/worksheets/_rels/sheet1.xml.rels
2025-07-06 00:07:19 [main] DEBUG org.apache.poi.openxml4j.opc.PackageRelationshipCollection - Parsing relationship: /_rels/.rels
2025-07-06 00:07:19 [main] DEBUG org.apache.poi.openxml4j.opc.PackageRelationshipCollection - Parsing relationship: /xl/_rels/workbook.xml.rels
2025-07-06 00:07:19 [main] DEBUG org.apache.poi.openxml4j.opc.PackageRelationshipCollection - Parsing relationship: /xl/worksheets/_rels/sheet1.xml.rels
2025-07-06 00:07:19 [main] DEBUG org.apache.poi.openxml4j.opc.PackageRelationshipCollection - Parsing relationship: /_rels/.rels
2025-07-06 00:07:19 [main] DEBUG org.apache.poi.openxml4j.opc.PackageRelationshipCollection - Parsing relationship: /xl/_rels/workbook.xml.rels
2025-07-06 00:07:19 [main] DEBUG org.apache.poi.openxml4j.opc.PackageRelationshipCollection - Parsing relationship: /xl/worksheets/_rels/sheet1.xml.rels
2025-07-06 00:07:19 [main] DEBUG org.apache.poi.openxml4j.opc.PackageRelationshipCollection - Parsing relationship: /_rels/.rels
2025-07-06 00:07:19 [main] DEBUG org.apache.poi.openxml4j.opc.PackageRelationshipCollection - Parsing relationship: /xl/_rels/workbook.xml.rels
2025-07-06 00:07:19 [main] DEBUG org.apache.poi.openxml4j.opc.PackageRelationshipCollection - Parsing relationship: /xl/worksheets/_rels/sheet1.xml.rels
2025-07-06 00:07:19 [main] DEBUG org.apache.poi.openxml4j.opc.PackageRelationshipCollection - Parsing relationship: /_rels/.rels
2025-07-06 00:07:19 [main] DEBUG org.apache.poi.openxml4j.opc.PackageRelationshipCollection - Parsing relationship: /xl/_rels/workbook.xml.rels
2025-07-06 00:07:19 [main] DEBUG org.apache.poi.openxml4j.opc.PackageRelationshipCollection - Parsing relationship: /xl/worksheets/_rels/sheet1.xml.rels
2025-07-06 00:07:19 [main] DEBUG org.apache.poi.openxml4j.opc.PackageRelationshipCollection - Parsing relationship: /_rels/.rels
2025-07-06 00:07:19 [main] DEBUG org.apache.poi.openxml4j.opc.PackageRelationshipCollection - Parsing relationship: /xl/_rels/workbook.xml.rels
2025-07-06 00:07:19 [main] DEBUG org.apache.poi.openxml4j.opc.PackageRelationshipCollection - Parsing relationship: /xl/worksheets/_rels/sheet1.xml.rels
2025-07-06 00:07:19 [main] DEBUG org.apache.poi.openxml4j.opc.PackageRelationshipCollection - Parsing relationship: /_rels/.rels
2025-07-06 00:07:19 [main] DEBUG org.apache.poi.openxml4j.opc.PackageRelationshipCollection - Parsing relationship: /xl/_rels/workbook.xml.rels
2025-07-06 00:07:19 [main] DEBUG org.apache.poi.openxml4j.opc.PackageRelationshipCollection - Parsing relationship: /xl/worksheets/_rels/sheet1.xml.rels
2025-07-06 00:07:19 [main] DEBUG org.apache.poi.openxml4j.opc.PackageRelationshipCollection - Parsing relationship: /_rels/.rels
2025-07-06 00:07:20 [main] INFO  org.testCases.TC003_LoginDataDrivenTestCase - ..........Starting TC002_Login Test..........
2025-07-06 00:07:20 [main] INFO  org.testCases.TC003_LoginDataDrivenTestCase - ..........Enter Login Credentials..........
2025-07-06 00:07:31 [main] INFO  org.testCases.TC003_LoginDataDrivenTestCase - ..........Completed TC002_Login Test..........
2025-07-06 00:07:31 [main] INFO  org.testCases.TC003_LoginDataDrivenTestCase - ..........Starting TC002_Login Test..........
2025-07-06 00:07:31 [main] INFO  org.testCases.TC003_LoginDataDrivenTestCase - ..........Enter Login Credentials..........
2025-07-06 00:07:42 [main] INFO  org.testCases.TC003_LoginDataDrivenTestCase - ..........Completed TC002_Login Test..........
2025-07-06 00:07:42 [main] INFO  org.testCases.TC003_LoginDataDrivenTestCase - ..........Starting TC002_Login Test..........
2025-07-06 00:07:42 [main] INFO  org.testCases.TC003_LoginDataDrivenTestCase - ..........Enter Login Credentials..........
2025-07-06 00:07:53 [main] INFO  org.testCases.TC003_LoginDataDrivenTestCase - ..........Completed TC002_Login Test..........
2025-07-06 00:07:53 [main] INFO  org.testCases.TC003_LoginDataDrivenTestCase - ..........Starting TC002_Login Test..........
2025-07-06 00:07:53 [main] INFO  org.testCases.TC003_LoginDataDrivenTestCase - ..........Enter Login Credentials..........
2025-07-06 00:08:04 [main] INFO  org.testCases.TC003_LoginDataDrivenTestCase - ..........Completed TC002_Login Test..........
2025-07-06 00:08:04 [main] INFO  org.testCases.TC003_LoginDataDrivenTestCase - ..........Starting TC002_Login Test..........
2025-07-06 00:08:05 [main] INFO  org.testCases.TC003_LoginDataDrivenTestCase - ..........Enter Login Credentials..........
2025-07-06 00:08:06 [main] INFO  org.testCases.TC003_LoginDataDrivenTestCase - ..........Completed TC002_Login Test..........
2025-07-06 00:09:57 [main] DEBUG org.apache.poi.openxml4j.opc.PackageRelationshipCollection - Parsing relationship: /xl/_rels/workbook.xml.rels
