2025-07-07 00:02:19 [main] INFO  org.testCases.TC002_LoginTest - ..........Enter Login Credentials..........
2025-07-07 00:10:30 [main] INFO  org.testCases.TC002_LoginTest - ..........Starting TC002_Login Test..........
2025-07-07 00:10:34 [main] INFO  org.testCases.TC002_LoginTest - ..........Enter Login Credentials..........
2025-07-07 00:10:35 [main] INFO  org.testCases.TC002_LoginTest - ..........Completed TC002_Login Test..........
2025-07-07 00:13:26 [main] INFO  org.testCases.TC001_AccoutRegistratonTest - ***** Starting TC001_AccoutRegistratonTest
2025-07-07 00:13:26 [main] INFO  org.testCases.TC001_AccoutRegistratonTest - Clicked on MyAccount Link
2025-07-07 00:13:26 [main] INFO  org.testCases.TC001_AccoutRegistratonTest - Clicked on Registration Link
2025-07-07 00:13:27 [main] INFO  org.testCases.TC001_AccoutRegistratonTest - Providing Customer Details
2025-07-07 00:13:28 [main] INFO  org.testCases.TC001_AccoutRegistratonTest - Validating Expected Message
2025-07-07 00:13:34 [main] INFO  org.testCases.TC002_LoginTest - ..........Starting TC002_Login Test..........
2025-07-07 00:13:34 [main] INFO  org.testCases.TC002_LoginTest - ..........Enter Login Credentials..........
2025-07-07 00:13:35 [main] INFO  org.testCases.TC002_LoginTest - ..........Completed TC002_Login Test..........
2025-07-07 00:15:59 [main] INFO  org.testCases.TC001_AccoutRegistratonTest - ***** Starting TC001_AccoutRegistratonTest
2025-07-07 00:15:59 [main] INFO  org.testCases.TC001_AccoutRegistratonTest - Clicked on MyAccount Link
2025-07-07 00:16:00 [main] INFO  org.testCases.TC001_AccoutRegistratonTest - Clicked on Registration Link
2025-07-07 00:16:00 [main] INFO  org.testCases.TC001_AccoutRegistratonTest - Providing Customer Details
2025-07-07 00:16:02 [main] INFO  org.testCases.TC001_AccoutRegistratonTest - Validating Expected Message
2025-07-07 00:16:08 [main] INFO  org.testCases.TC002_LoginTest - ..........Starting TC002_Login Test..........
2025-07-07 00:16:08 [main] INFO  org.testCases.TC002_LoginTest - ..........Enter Login Credentials..........
2025-07-07 21:10:47 [main] INFO  org.testCases.TC001_AccoutRegistratonTest - ***** Starting TC001_AccoutRegistratonTest
2025-07-07 21:10:48 [main] INFO  org.testCases.TC001_AccoutRegistratonTest - Clicked on MyAccount Link
2025-07-07 21:10:48 [main] INFO  org.testCases.TC001_AccoutRegistratonTest - Clicked on Registration Link
2025-07-07 21:10:49 [main] INFO  org.testCases.TC001_AccoutRegistratonTest - Providing Customer Details
2025-07-07 21:10:51 [main] INFO  org.testCases.TC001_AccoutRegistratonTest - Validating Expected Message
2025-07-07 21:10:58 [main] INFO  org.testCases.TC002_LoginTest - ..........Starting TC002_Login Test..........
2025-07-07 21:10:59 [main] INFO  org.testCases.TC002_LoginTest - ..........Enter Login Credentials..........
2025-07-07 21:11:00 [main] INFO  org.testCases.TC002_LoginTest - ..........Completed TC002_Login Test..........
2025-07-07 21:13:18 [main] INFO  org.testCases.TC001_AccoutRegistratonTest - ***** Starting TC001_AccoutRegistratonTest
2025-07-07 21:13:18 [main] INFO  org.testCases.TC001_AccoutRegistratonTest - Clicked on MyAccount Link
2025-07-07 21:13:22 [main] INFO  org.testCases.TC001_AccoutRegistratonTest - Clicked on Registration Link
2025-07-07 21:13:23 [main] INFO  org.testCases.TC001_AccoutRegistratonTest - Providing Customer Details
2025-07-07 21:13:25 [main] INFO  org.testCases.TC001_AccoutRegistratonTest - Validating Expected Message
2025-07-07 21:13:31 [main] INFO  org.testCases.TC002_LoginTest - ..........Starting TC002_Login Test..........
2025-07-07 21:13:31 [main] INFO  org.testCases.TC002_LoginTest - ..........Enter Login Credentials..........
2025-07-07 21:13:32 [main] INFO  org.testCases.TC002_LoginTest - ..........Completed TC002_Login Test..........
2025-07-07 21:14:28 [main] INFO  org.testCases.TC001_AccoutRegistratonTest - ***** Starting TC001_AccoutRegistratonTest
2025-07-07 21:14:28 [main] INFO  org.testCases.TC001_AccoutRegistratonTest - Clicked on MyAccount Link
2025-07-07 21:14:28 [main] INFO  org.testCases.TC001_AccoutRegistratonTest - Clicked on Registration Link
2025-07-07 21:14:29 [main] INFO  org.testCases.TC001_AccoutRegistratonTest - Providing Customer Details
2025-07-07 21:14:31 [main] INFO  org.testCases.TC001_AccoutRegistratonTest - Validating Expected Message
2025-07-07 21:14:39 [main] INFO  org.testCases.TC002_LoginTest - ..........Starting TC002_Login Test..........
2025-07-07 21:14:39 [main] INFO  org.testCases.TC002_LoginTest - ..........Enter Login Credentials..........
2025-07-07 21:14:41 [main] INFO  org.testCases.TC002_LoginTest - ..........Completed TC002_Login Test..........
2025-07-07 21:17:20 [TestNG-tests-1] INFO  org.testCases.TC001_AccoutRegistratonTest - ***** Starting TC001_AccoutRegistratonTest
2025-07-07 21:17:20 [TestNG-tests-1] INFO  org.testCases.TC001_AccoutRegistratonTest - Clicked on MyAccount Link
2025-07-07 21:17:21 [TestNG-tests-1] INFO  org.testCases.TC001_AccoutRegistratonTest - Clicked on Registration Link
